<?xml version="1.0" encoding="UTF-8"?>
<!-- Generated by org.testng.reporters.JUnitReportReporter -->
<testsuite hostname="jsyfshenjing" name="com.testng.add.testCalcAdd" tests="1" failures="0" timestamp="16 Mar 2016 02:26:31 GMT" time="0.012" errors="0">
  <testcase name="f" time="0.012" classname="com.testng.add.testCalcAdd"/>
</testsuite> <!-- com.testng.add.testCalcAdd -->
