<?xml version="1.0" encoding="UTF-8"?>
<!-- Generated by org.testng.reporters.JUnitReportReporter -->
<testsuite hostname="jsyfshenjing" name="com.testng.add.NewTest" tests="1" failures="0" timestamp="6 Feb 2016 03:31:28 GMT" time="0.060" errors="0">
  <testcase name="f" time="0.060" classname="com.testng.add.NewTest"/>
</testsuite> <!-- com.testng.add.NewTest -->
